2014-04-18 00:06:44+0800 [scrapy] INFO: Scrapy 0.22.2 started (bot: Scrapy)
2014-04-18 00:06:44+0800 [scrapy] INFO: Optional features available: ssl, http11, boto, django
2014-04-18 00:06:44+0800 [scrapy] INFO: Overridden settings: {'NEWSPIDER_MODULE': 'Scrapy.spiders', 'SPIDER_MODULES': ['Scrapy.spiders'], 'BOT_NAME': 'Scrapy', 'CONCURRENT_ITEMS': 1000, 'LOG_FILE': 'ScrapyCrawl.log', 'DOWNLOAD_DELAY': 0.25}
2014-04-18 00:06:44+0800 [scrapy] INFO: Enabled extensions: LogStats, TelnetConsole, CloseSpider, WebService, CoreStats, SpiderState
2014-04-18 00:06:44+0800 [scrapy] INFO: Enabled downloader middlewares: ProxyMiddleware, DownloadTimer, HttpAuthMiddleware, DownloadTimeoutMiddleware, UserAgentMiddleware, RetryMiddleware, DefaultHeadersMiddleware, MetaRefreshMiddleware, HttpCompressionMiddleware, RedirectMiddleware, CookiesMiddleware, ChunkedTransferMiddleware, DownloaderStats
2014-04-18 00:06:44+0800 [scrapy] INFO: Enabled spider middlewares: UrlMiddleware, HttpErrorMiddleware, OffsiteMiddleware, RefererMiddleware, UrlLengthMiddleware, DepthMiddleware
2014-04-18 00:06:44+0800 [scrapy] INFO: Connection timeout is 10.0
2014-04-18 00:06:44+0800 [scrapy] INFO: Enabled item pipelines: DoubanMoviePipeline, ProxyCrawlerPipeline
2014-04-18 00:06:44+0800 [douban] INFO: Spider opened
2014-04-18 00:06:44+0800 [douban] INFO: Crawled 0 pages (at 0 pages/min), scraped 0 items (at 0 items/min)
2014-04-18 00:06:44+0800 [scrapy] DEBUG: Telnet console listening on 0.0.0.0:6023
2014-04-18 00:06:44+0800 [scrapy] DEBUG: Web service listening on 0.0.0.0:6080
2014-04-18 00:06:44+0800 [douban] DEBUG: Crawled (200) <GET http://movie.douban.com/tag/> (referer: None)
2014-04-18 00:06:44+0800 [douban] DEBUG: Scraped from <200 http://movie.douban.com/tag/>
	None
2014-04-18 00:06:44+0800 [douban] DEBUG: Crawled (403) <GET https://api.douban.com/v2/movie/search?tag=%E7%88%B1%E6%83%85&start=0> (referer: http://movie.douban.com/tag/)
2014-04-18 00:06:44+0800 [douban] INFO: Closing spider (finished)
2014-04-18 00:06:44+0800 [douban] INFO: Dumping Scrapy stats:
	{'downloader/request_bytes': 544,
	 'downloader/request_count': 2,
	 'downloader/request_method_count/GET': 2,
	 'downloader/response_bytes': 8230,
	 'downloader/response_count': 2,
	 'downloader/response_status_count/200': 1,
	 'downloader/response_status_count/403': 1,
	 'finish_reason': 'finished',
	 'finish_time': datetime.datetime(2014, 4, 17, 16, 6, 44, 675114),
	 'item_scraped_count': 1,
	 'log_count/DEBUG': 5,
	 'log_count/INFO': 8,
	 'request_depth_max': 1,
	 'response_received_count': 2,
	 'scheduler/dequeued': 2,
	 'scheduler/dequeued/memory': 2,
	 'scheduler/enqueued': 2,
	 'scheduler/enqueued/memory': 2,
	 'start_time': datetime.datetime(2014, 4, 17, 16, 6, 44, 372954)}
2014-04-18 00:06:44+0800 [douban] INFO: Spider closed (finished)
2014-04-18 00:08:02+0800 [scrapy] INFO: Scrapy 0.22.2 started (bot: Scrapy)
2014-04-18 00:08:02+0800 [scrapy] INFO: Optional features available: ssl, http11, boto, django
2014-04-18 00:08:02+0800 [scrapy] INFO: Overridden settings: {'NEWSPIDER_MODULE': 'Scrapy.spiders', 'SPIDER_MODULES': ['Scrapy.spiders'], 'BOT_NAME': 'Scrapy', 'CONCURRENT_ITEMS': 1000, 'LOG_FILE': 'ScrapyCrawl.log', 'DOWNLOAD_DELAY': 0.25}
2014-04-18 00:08:02+0800 [scrapy] INFO: Enabled extensions: LogStats, TelnetConsole, CloseSpider, WebService, CoreStats, SpiderState
2014-04-18 00:08:02+0800 [scrapy] INFO: Enabled downloader middlewares: ProxyMiddleware, DownloadTimer, HttpAuthMiddleware, DownloadTimeoutMiddleware, UserAgentMiddleware, RetryMiddleware, DefaultHeadersMiddleware, MetaRefreshMiddleware, HttpCompressionMiddleware, RedirectMiddleware, CookiesMiddleware, ChunkedTransferMiddleware, DownloaderStats
2014-04-18 00:08:02+0800 [scrapy] INFO: Enabled spider middlewares: UrlMiddleware, HttpErrorMiddleware, OffsiteMiddleware, RefererMiddleware, UrlLengthMiddleware, DepthMiddleware
2014-04-18 00:08:02+0800 [scrapy] INFO: Connection timeout is 10.0
2014-04-18 00:08:02+0800 [scrapy] INFO: Enabled item pipelines: DoubanMoviePipeline, ProxyCrawlerPipeline
2014-04-18 00:08:02+0800 [douban] INFO: Spider opened
2014-04-18 00:08:02+0800 [douban] INFO: Crawled 0 pages (at 0 pages/min), scraped 0 items (at 0 items/min)
2014-04-18 00:08:02+0800 [scrapy] DEBUG: Telnet console listening on 0.0.0.0:6023
2014-04-18 00:08:02+0800 [scrapy] DEBUG: Web service listening on 0.0.0.0:6080
2014-04-18 00:08:02+0800 [douban] DEBUG: Crawled (200) <GET http://movie.douban.com/tag/> (referer: None)
2014-04-18 00:08:02+0800 [douban] DEBUG: Scraped from <200 http://movie.douban.com/tag/>
	None
2014-04-18 00:08:02+0800 [douban] DEBUG: Crawled (403) <GET https://api.douban.com/v2/movie/search?tag=%E7%88%B1%E6%83%85&start=0> (referer: http://movie.douban.com/tag/)
2014-04-18 00:08:02+0800 [douban] INFO: Closing spider (finished)
2014-04-18 00:08:02+0800 [douban] INFO: Dumping Scrapy stats:
	{'downloader/request_bytes': 544,
	 'downloader/request_count': 2,
	 'downloader/request_method_count/GET': 2,
	 'downloader/response_bytes': 8230,
	 'downloader/response_count': 2,
	 'downloader/response_status_count/200': 1,
	 'downloader/response_status_count/403': 1,
	 'finish_reason': 'finished',
	 'finish_time': datetime.datetime(2014, 4, 17, 16, 8, 2, 540771),
	 'item_scraped_count': 1,
	 'log_count/DEBUG': 5,
	 'log_count/INFO': 8,
	 'request_depth_max': 1,
	 'response_received_count': 2,
	 'scheduler/dequeued': 2,
	 'scheduler/dequeued/memory': 2,
	 'scheduler/enqueued': 2,
	 'scheduler/enqueued/memory': 2,
	 'start_time': datetime.datetime(2014, 4, 17, 16, 8, 2, 260686)}
2014-04-18 00:08:02+0800 [douban] INFO: Spider closed (finished)
2014-04-18 00:08:05+0800 [scrapy] INFO: Scrapy 0.22.2 started (bot: Scrapy)
2014-04-18 00:08:05+0800 [scrapy] INFO: Optional features available: ssl, http11, boto, django
2014-04-18 00:08:05+0800 [scrapy] INFO: Overridden settings: {'NEWSPIDER_MODULE': 'Scrapy.spiders', 'SPIDER_MODULES': ['Scrapy.spiders'], 'BOT_NAME': 'Scrapy', 'CONCURRENT_ITEMS': 1000, 'LOG_FILE': 'ScrapyCrawl.log', 'DOWNLOAD_DELAY': 0.25}
2014-04-18 00:08:05+0800 [scrapy] INFO: Enabled extensions: LogStats, TelnetConsole, CloseSpider, WebService, CoreStats, SpiderState
2014-04-18 00:08:05+0800 [scrapy] INFO: Enabled downloader middlewares: ProxyMiddleware, DownloadTimer, HttpAuthMiddleware, DownloadTimeoutMiddleware, UserAgentMiddleware, RetryMiddleware, DefaultHeadersMiddleware, MetaRefreshMiddleware, HttpCompressionMiddleware, RedirectMiddleware, CookiesMiddleware, ChunkedTransferMiddleware, DownloaderStats
2014-04-18 00:08:05+0800 [scrapy] INFO: Enabled spider middlewares: UrlMiddleware, HttpErrorMiddleware, OffsiteMiddleware, RefererMiddleware, UrlLengthMiddleware, DepthMiddleware
2014-04-18 00:08:05+0800 [scrapy] INFO: Connection timeout is 10.0
2014-04-18 00:08:05+0800 [scrapy] INFO: Enabled item pipelines: DoubanMoviePipeline, ProxyCrawlerPipeline
2014-04-18 00:08:05+0800 [douban] INFO: Spider opened
2014-04-18 00:08:05+0800 [douban] INFO: Crawled 0 pages (at 0 pages/min), scraped 0 items (at 0 items/min)
2014-04-18 00:08:05+0800 [scrapy] DEBUG: Telnet console listening on 0.0.0.0:6023
2014-04-18 00:08:05+0800 [scrapy] DEBUG: Web service listening on 0.0.0.0:6080
2014-04-18 00:08:05+0800 [douban] DEBUG: Crawled (200) <GET http://movie.douban.com/tag/> (referer: None)
2014-04-18 00:08:05+0800 [douban] DEBUG: Scraped from <200 http://movie.douban.com/tag/>
	None
2014-04-18 00:08:05+0800 [douban] DEBUG: Crawled (403) <GET https://api.douban.com/v2/movie/search?tag=%E7%88%B1%E6%83%85&start=0> (referer: http://movie.douban.com/tag/)
2014-04-18 00:08:05+0800 [douban] INFO: Closing spider (finished)
2014-04-18 00:08:05+0800 [douban] INFO: Dumping Scrapy stats:
	{'downloader/request_bytes': 544,
	 'downloader/request_count': 2,
	 'downloader/request_method_count/GET': 2,
	 'downloader/response_bytes': 8608,
	 'downloader/response_count': 2,
	 'downloader/response_status_count/200': 1,
	 'downloader/response_status_count/403': 1,
	 'finish_reason': 'finished',
	 'finish_time': datetime.datetime(2014, 4, 17, 16, 8, 5, 902655),
	 'item_scraped_count': 1,
	 'log_count/DEBUG': 5,
	 'log_count/INFO': 8,
	 'request_depth_max': 1,
	 'response_received_count': 2,
	 'scheduler/dequeued': 2,
	 'scheduler/dequeued/memory': 2,
	 'scheduler/enqueued': 2,
	 'scheduler/enqueued/memory': 2,
	 'start_time': datetime.datetime(2014, 4, 17, 16, 8, 5, 433326)}
2014-04-18 00:08:05+0800 [douban] INFO: Spider closed (finished)
2014-04-18 00:09:18+0800 [scrapy] INFO: Scrapy 0.22.2 started (bot: Scrapy)
2014-04-18 00:09:18+0800 [scrapy] INFO: Optional features available: ssl, http11, boto, django
2014-04-18 00:09:18+0800 [scrapy] INFO: Overridden settings: {'NEWSPIDER_MODULE': 'Scrapy.spiders', 'SPIDER_MODULES': ['Scrapy.spiders'], 'BOT_NAME': 'Scrapy', 'CONCURRENT_ITEMS': 1000, 'LOG_FILE': 'ScrapyCrawl.log', 'DOWNLOAD_DELAY': 0.25}
2014-04-18 00:09:19+0800 [scrapy] INFO: Enabled extensions: LogStats, TelnetConsole, CloseSpider, WebService, CoreStats, SpiderState
2014-04-18 00:09:19+0800 [scrapy] INFO: Enabled downloader middlewares: ProxyMiddleware, DownloadTimer, HttpAuthMiddleware, DownloadTimeoutMiddleware, UserAgentMiddleware, RetryMiddleware, DefaultHeadersMiddleware, MetaRefreshMiddleware, HttpCompressionMiddleware, RedirectMiddleware, CookiesMiddleware, ChunkedTransferMiddleware, DownloaderStats
2014-04-18 00:09:19+0800 [scrapy] INFO: Enabled spider middlewares: UrlMiddleware, HttpErrorMiddleware, OffsiteMiddleware, RefererMiddleware, UrlLengthMiddleware, DepthMiddleware
2014-04-18 00:09:19+0800 [scrapy] INFO: Connection timeout is 10.0
2014-04-18 00:09:19+0800 [scrapy] INFO: Enabled item pipelines: DoubanMoviePipeline, ProxyCrawlerPipeline
2014-04-18 00:09:19+0800 [douban] INFO: Spider opened
2014-04-18 00:09:19+0800 [douban] INFO: Crawled 0 pages (at 0 pages/min), scraped 0 items (at 0 items/min)
2014-04-18 00:09:19+0800 [scrapy] DEBUG: Telnet console listening on 0.0.0.0:6023
2014-04-18 00:09:19+0800 [scrapy] DEBUG: Web service listening on 0.0.0.0:6080
2014-04-18 00:09:19+0800 [douban] DEBUG: Crawled (200) <GET http://movie.douban.com/tag/> (referer: None)
2014-04-18 00:09:19+0800 [douban] DEBUG: Scraped from <200 http://movie.douban.com/tag/>
	None
2014-04-18 00:09:19+0800 [douban] DEBUG: Crawled (403) <GET https://api.douban.com/v2/movie/search?tag=%E7%88%B1%E6%83%85&start=0> (referer: http://movie.douban.com/tag/)
2014-04-18 00:09:19+0800 [douban] INFO: Closing spider (finished)
2014-04-18 00:09:19+0800 [douban] INFO: Dumping Scrapy stats:
	{'downloader/request_bytes': 544,
	 'downloader/request_count': 2,
	 'downloader/request_method_count/GET': 2,
	 'downloader/response_bytes': 8235,
	 'downloader/response_count': 2,
	 'downloader/response_status_count/200': 1,
	 'downloader/response_status_count/403': 1,
	 'finish_reason': 'finished',
	 'finish_time': datetime.datetime(2014, 4, 17, 16, 9, 19, 499486),
	 'item_scraped_count': 1,
	 'log_count/DEBUG': 5,
	 'log_count/INFO': 8,
	 'request_depth_max': 1,
	 'response_received_count': 2,
	 'scheduler/dequeued': 2,
	 'scheduler/dequeued/memory': 2,
	 'scheduler/enqueued': 2,
	 'scheduler/enqueued/memory': 2,
	 'start_time': datetime.datetime(2014, 4, 17, 16, 9, 19, 120183)}
2014-04-18 00:09:19+0800 [douban] INFO: Spider closed (finished)
2014-04-18 00:09:35+0800 [scrapy] INFO: Scrapy 0.22.2 started (bot: Scrapy)
2014-04-18 00:09:35+0800 [scrapy] INFO: Optional features available: ssl, http11, boto, django
2014-04-18 00:09:35+0800 [scrapy] INFO: Overridden settings: {'NEWSPIDER_MODULE': 'Scrapy.spiders', 'SPIDER_MODULES': ['Scrapy.spiders'], 'BOT_NAME': 'Scrapy', 'CONCURRENT_ITEMS': 1000, 'LOG_FILE': 'ScrapyCrawl.log', 'DOWNLOAD_DELAY': 0.25}
2014-04-18 00:09:35+0800 [scrapy] INFO: Enabled extensions: LogStats, TelnetConsole, CloseSpider, WebService, CoreStats, SpiderState
2014-04-18 00:09:35+0800 [scrapy] INFO: Enabled downloader middlewares: ProxyMiddleware, DownloadTimer, HttpAuthMiddleware, DownloadTimeoutMiddleware, UserAgentMiddleware, RetryMiddleware, DefaultHeadersMiddleware, MetaRefreshMiddleware, HttpCompressionMiddleware, RedirectMiddleware, CookiesMiddleware, ChunkedTransferMiddleware, DownloaderStats
2014-04-18 00:09:35+0800 [scrapy] INFO: Enabled spider middlewares: UrlMiddleware, HttpErrorMiddleware, OffsiteMiddleware, RefererMiddleware, UrlLengthMiddleware, DepthMiddleware
2014-04-18 00:09:35+0800 [scrapy] INFO: Connection timeout is 10.0
2014-04-18 00:09:35+0800 [scrapy] INFO: Enabled item pipelines: DoubanMoviePipeline, ProxyCrawlerPipeline
2014-04-18 00:09:35+0800 [douban] INFO: Spider opened
2014-04-18 00:09:35+0800 [douban] INFO: Crawled 0 pages (at 0 pages/min), scraped 0 items (at 0 items/min)
2014-04-18 00:09:35+0800 [scrapy] DEBUG: Telnet console listening on 0.0.0.0:6023
2014-04-18 00:09:35+0800 [scrapy] DEBUG: Web service listening on 0.0.0.0:6080
2014-04-18 00:09:35+0800 [douban] DEBUG: Crawled (200) <GET http://movie.douban.com/tag/> (referer: None)
2014-04-18 00:09:35+0800 [douban] DEBUG: Scraped from <200 http://movie.douban.com/tag/>
	None
2014-04-18 00:09:35+0800 [douban] DEBUG: Crawled (403) <GET https://api.douban.com/v2/movie/search?tag=%E7%88%B1%E6%83%85&start=0> (referer: http://movie.douban.com/tag/)
2014-04-18 00:09:35+0800 [douban] INFO: Closing spider (finished)
2014-04-18 00:09:35+0800 [douban] INFO: Dumping Scrapy stats:
	{'downloader/request_bytes': 544,
	 'downloader/request_count': 2,
	 'downloader/request_method_count/GET': 2,
	 'downloader/response_bytes': 8230,
	 'downloader/response_count': 2,
	 'downloader/response_status_count/200': 1,
	 'downloader/response_status_count/403': 1,
	 'finish_reason': 'finished',
	 'finish_time': datetime.datetime(2014, 4, 17, 16, 9, 35, 509607),
	 'item_scraped_count': 1,
	 'log_count/DEBUG': 5,
	 'log_count/INFO': 8,
	 'request_depth_max': 1,
	 'response_received_count': 2,
	 'scheduler/dequeued': 2,
	 'scheduler/dequeued/memory': 2,
	 'scheduler/enqueued': 2,
	 'scheduler/enqueued/memory': 2,
	 'start_time': datetime.datetime(2014, 4, 17, 16, 9, 35, 207019)}
2014-04-18 00:09:35+0800 [douban] INFO: Spider closed (finished)
